<?xml version="1.0" encoding="UTF-8"?>
<testsuite xmlns:xsi="http://www.w3.org/2001/XMLSchema-instance" xsi:noNamespaceSchemaLocation="https://maven.apache.org/surefire/maven-surefire-plugin/xsd/surefire-test-report.xsd" name="pets.PetsRunner" time="6.244" tests="1" errors="1" skipped="0" failures="0">
  <properties>
[...]
</properties>
  <testcase name="[1:3] Get Pet" classname="[pets] Petstore" time="5.295">
    <error message="pets.feature:6 - &#10;org.apache.http.conn.ConnectTimeoutException: Connect to api-group-it-apicast-production.apps.ericsson-4162.open.redhat.com:443 [api-group-it-apicast-production.apps.ericsson-4162.open.redhat.com/52.207.141.52] failed: connect timed out" type="com.intuit.karate.exception.KarateException">com.intuit.karate.exception.KarateException: 
pets.feature:6 - 
org.apache.http.conn.ConnectTimeoutException: Connect to api-group-it-apicast-production.apps.ericsson-4162.open.redhat.com:443 [api-group-it-apicast-production.apps.ericsson-4162.open.redhat.com/52.207.141.52] failed: connect timed out
</error>
    <system-out><![CDATA[21:35:37.599 [main] INFO  com.intuit.karate - baseUrl was https://api-group-it-apicast-production.apps.ericsson-4162.open.redhat.com:443 
21:35:37.916 [main] DEBUG com.intuit.karate - request:
1 > GET https://api-group-it-apicast-production.apps.ericsson-4162.open.redhat.com:443/pets/1
1 > Accept-Encoding: gzip,deflate
1 > Connection: Keep-Alive
1 > Host: api-group-it-apicast-production.apps.ericsson-4162.open.redhat.com:443
1 > User-Agent: Apache-HttpClient/4.5.11 (Java/1.8.0_191)

21:35:42.960 [main] ERROR com.intuit.karate - org.apache.http.conn.ConnectTimeoutException: Connect to api-group-it-apicast-production.apps.ericsson-4162.open.redhat.com:443 [api-group-it-apicast-production.apps.ericsson-4162.open.redhat.com/52.207.141.52] failed: connect timed out, http call failed after 5044 milliseconds for URL: https://api-group-it-apicast-production.apps.ericsson-4162.open.redhat.com:443/pets/1
21:35:42.960 [main] ERROR com.intuit.karate - http request failed: 
org.apache.http.conn.ConnectTimeoutException: Connect to api-group-it-apicast-production.apps.ericsson-4162.open.redhat.com:443 [api-group-it-apicast-production.apps.ericsson-4162.open.redhat.com/52.207.141.52] failed: connect timed out
]]></system-out>
  </testcase>
</testsuite>